<?xml version="1.0" encoding="UTF-8"?>
<!-- Generated by org.testng.reporters.JUnitReportReporter -->
<testsuite hostname="LAPTOP-5OHLK4IV" failures="0" tests="2" name="com.sportyshoe.restAssuredScripts.GetAllshoes" time="1.180" errors="0" timestamp="2023-11-15T14:21:03 IST" skipped="0">
  <testcase classname="com.sportyshoe.restAssuredScripts.GetAllshoes" name="get_all_shoes" time="1.160"/>
  <system-out/>
  <testcase classname="com.sportyshoe.restAssuredScripts.GetAllshoes" name="get_all_users" time="0.020"/>
  <system-out/>
</testsuite> <!-- com.sportyshoe.restAssuredScripts.GetAllshoes -->
