<?xml version="1.0" encoding="UTF-8"?>
<!-- Generated by org.testng.reporters.JUnitReportReporter -->
<testsuite hostname="LAPTOP-5OHLK4IV" failures="0" tests="3" name="com.sportyshoe.Test.HomePageTest" time="1.789" errors="0" timestamp="2023-11-15T15:40:56 IST" skipped="0">
  <testcase classname="com.sportyshoe.Test.HomePageTest" name="test_getTitle_page" time="0.010"/>
  <system-out/>
  <testcase classname="com.sportyshoe.Test.HomePageTest" name="Test_Validate_Text_On_Page" time="0.034"/>
  <system-out/>
  <testcase classname="com.sportyshoe.Test.HomePageTest" name="test_click_register_link" time="1.745"/>
  <system-out/>
</testsuite> <!-- com.sportyshoe.Test.HomePageTest -->
