<?xml version="1.0" encoding="UTF-8"?>
<!-- Generated by org.testng.reporters.JUnitReportReporter -->
<testsuite hostname="LAPTOP-5OHLK4IV" failures="0" tests="1" name="com.sportyshoe.SeleniumCucumberScripts.SetupCheck" time="3.336" errors="0" timestamp="2023-11-15T15:30:59 IST" skipped="0">
  <testcase classname="com.sportyshoe.SeleniumCucumberScripts.SetupCheck" name="test_setup_selenium" time="3.336"/>
  <system-out/>
</testsuite> <!-- com.sportyshoe.SeleniumCucumberScripts.SetupCheck -->
