<?xml version="1.0" encoding="UTF-8"?>
<!-- Generated by org.testng.reporters.JUnitReportReporter -->
<testsuite hostname="LAPTOP-5OHLK4IV" failures="0" tests="3" name="com.sportyshoe.restAssuredScripts.PostandPutnewShoe" time="1.267" errors="0" timestamp="2023-11-15T14:41:21 IST" skipped="0">
  <testcase classname="com.sportyshoe.restAssuredScripts.PostandPutnewShoe" name="add_new_product" time="1.203"/>
  <system-out/>
  <testcase classname="com.sportyshoe.restAssuredScripts.PostandPutnewShoe" name="update_a_product" time="0.038"/>
  <system-out/>
  <testcase classname="com.sportyshoe.restAssuredScripts.PostandPutnewShoe" name="delete_product" time="0.026"/>
  <system-out/>
</testsuite> <!-- com.sportyshoe.restAssuredScripts.PostandPutnewShoe -->
